02-Mar-2020 11:29:54.755 INFO [main] org.apache.catalina.startup.VersionLoggerListener.log Server version:        Apache Tomcat/8.0.20
02-Mar-2020 11:29:54.757 INFO [main] org.apache.catalina.startup.VersionLoggerListener.log Server built:          Feb 15 2015 18:10:42 UTC
02-Mar-2020 11:29:54.758 INFO [main] org.apache.catalina.startup.VersionLoggerListener.log Server number:         8.0.20.0
02-Mar-2020 11:29:54.758 INFO [main] org.apache.catalina.startup.VersionLoggerListener.log OS Name:               Windows 10
02-Mar-2020 11:29:54.759 INFO [main] org.apache.catalina.startup.VersionLoggerListener.log OS Version:            10.0
02-Mar-2020 11:29:54.759 INFO [main] org.apache.catalina.startup.VersionLoggerListener.log Architecture:          amd64
02-Mar-2020 11:29:54.759 INFO [main] org.apache.catalina.startup.VersionLoggerListener.log Java Home:             C:\Program Files\Java\jdk1.8.0_201\jre
02-Mar-2020 11:29:54.759 INFO [main] org.apache.catalina.startup.VersionLoggerListener.log JVM Version:           1.8.0_201-b09
02-Mar-2020 11:29:54.759 INFO [main] org.apache.catalina.startup.VersionLoggerListener.log JVM Vendor:            Oracle Corporation
02-Mar-2020 11:29:54.760 INFO [main] org.apache.catalina.startup.VersionLoggerListener.log CATALINA_BASE:         F:\apache-tomcat-8.0.20
02-Mar-2020 11:29:54.760 INFO [main] org.apache.catalina.startup.VersionLoggerListener.log CATALINA_HOME:         F:\apache-tomcat-8.0.20
02-Mar-2020 11:29:54.760 INFO [main] org.apache.catalina.startup.VersionLoggerListener.log Command line argument: -Djava.util.logging.config.file=F:\apache-tomcat-8.0.20\conf\logging.properties
02-Mar-2020 11:29:54.760 INFO [main] org.apache.catalina.startup.VersionLoggerListener.log Command line argument: -Djava.util.logging.manager=org.apache.juli.ClassLoaderLogManager
02-Mar-2020 11:29:54.761 INFO [main] org.apache.catalina.startup.VersionLoggerListener.log Command line argument: -Djava.endorsed.dirs=F:\apache-tomcat-8.0.20\endorsed
02-Mar-2020 11:29:54.761 INFO [main] org.apache.catalina.startup.VersionLoggerListener.log Command line argument: -Dcatalina.base=F:\apache-tomcat-8.0.20
02-Mar-2020 11:29:54.765 INFO [main] org.apache.catalina.startup.VersionLoggerListener.log Command line argument: -Dcatalina.home=F:\apache-tomcat-8.0.20
02-Mar-2020 11:29:54.765 INFO [main] org.apache.catalina.startup.VersionLoggerListener.log Command line argument: -Djava.io.tmpdir=F:\apache-tomcat-8.0.20\temp
02-Mar-2020 11:29:54.766 INFO [main] org.apache.catalina.core.AprLifecycleListener.lifecycleEvent The APR based Apache Tomcat Native library which allows optimal performance in production environments was not found on the java.library.path: C:\Program Files\Java\jdk1.8.0_201\bin;C:\WINDOWS\Sun\Java\bin;C:\WINDOWS\system32;C:\WINDOWS;C:\Program Files (x86)\NetSarang\Xftp 6\;C:\Program Files (x86)\NetSarang\Xshell 6\;C:\Program Files (x86)\NVIDIA Corporation\PhysX\Common;F:\OracleDB\product\11.2.0\dbhome_1\bin;E:\app\ASUS\product\11.2.0\dbhome_1\bin;C:\Program Files (x86)\Common Files\Oracle\Java\javapath;C:\Program Files (x86)\Intel\iCLS Client\;C:\Program Files\Intel\iCLS Client\;C:\Windows\system32;C:\Windows;C:\Windows\System32\Wbem;C:\Windows\System32\WindowsPowerShell\v1.0\;C:\Program Files (x86)\Intel\Intel(R) Management Engine Components\DAL;C:\Program Files\Intel\Intel(R) Management Engine Components\DAL;C:\Program Files (x86)\Intel\Intel(R) Management Engine Components\IPT;C:\Program Files\Intel\Intel(R) Management Engine Components\IPT;C:\WINDOWS\system32;C:\WINDOWS;C:\WINDOWS\System32\Wbem;C:\WINDOWS\System32\WindowsPowerShell\v1.0\;C:\WINDOWS\System32\OpenSSH\;C:\Program Files\Java\jdk1.8.0_201;C:\Program Files\Java\jdk1.8.0_201\bin;C:\Program Files\NVIDIA Corporation\NVIDIA NvDLISR;C:\Users\ASUS\AppData\Local\Microsoft\WindowsApps;;.
02-Mar-2020 11:29:55.358 INFO [main] org.apache.coyote.AbstractProtocol.init Initializing ProtocolHandler ["http-nio-8080"]
02-Mar-2020 11:29:55.717 INFO [main] org.apache.tomcat.util.net.NioSelectorPool.getSharedSelector Using a shared selector for servlet write/read
02-Mar-2020 11:29:55.717 INFO [main] org.apache.coyote.AbstractProtocol.init Initializing ProtocolHandler ["ajp-nio-8009"]
02-Mar-2020 11:29:55.733 INFO [main] org.apache.tomcat.util.net.NioSelectorPool.getSharedSelector Using a shared selector for servlet write/read
02-Mar-2020 11:29:55.733 INFO [main] org.apache.catalina.startup.Catalina.load Initialization processed in 1608 ms
02-Mar-2020 11:29:55.816 INFO [main] org.apache.catalina.core.StandardService.startInternal Starting service Catalina
02-Mar-2020 11:29:55.816 INFO [main] org.apache.catalina.core.StandardEngine.startInternal Starting Servlet Engine: Apache Tomcat/8.0.20
02-Mar-2020 11:29:55.830 INFO [localhost-startStop-1] org.apache.catalina.startup.HostConfig.deployDirectory Deploying web application directory F:\apache-tomcat-8.0.20\webapps\docs
02-Mar-2020 11:29:56.866 INFO [localhost-startStop-1] org.apache.jasper.servlet.TldScanner.scanJars At least one JAR was scanned for TLDs yet contained no TLDs. Enable debug logging for this logger for a complete list of JARs that were scanned but no TLDs were found in them. Skipping unneeded JARs during scanning can improve startup time and JSP compilation time.
02-Mar-2020 11:29:56.944 INFO [localhost-startStop-1] org.apache.catalina.startup.HostConfig.deployDirectory Deployment of web application directory F:\apache-tomcat-8.0.20\webapps\docs has finished in 1,114 ms
02-Mar-2020 11:29:56.944 INFO [localhost-startStop-1] org.apache.catalina.startup.HostConfig.deployDirectory Deploying web application directory F:\apache-tomcat-8.0.20\webapps\examples
02-Mar-2020 11:29:58.709 INFO [localhost-startStop-1] org.apache.catalina.startup.HostConfig.deployDirectory Deployment of web application directory F:\apache-tomcat-8.0.20\webapps\examples has finished in 1,765 ms
02-Mar-2020 11:29:58.710 INFO [localhost-startStop-1] org.apache.catalina.startup.HostConfig.deployDirectory Deploying web application directory F:\apache-tomcat-8.0.20\webapps\host-manager
02-Mar-2020 11:29:58.973 INFO [localhost-startStop-1] org.apache.jasper.servlet.TldScanner.scanJars At least one JAR was scanned for TLDs yet contained no TLDs. Enable debug logging for this logger for a complete list of JARs that were scanned but no TLDs were found in them. Skipping unneeded JARs during scanning can improve startup time and JSP compilation time.
02-Mar-2020 11:29:58.981 INFO [localhost-startStop-1] org.apache.catalina.startup.HostConfig.deployDirectory Deployment of web application directory F:\apache-tomcat-8.0.20\webapps\host-manager has finished in 270 ms
02-Mar-2020 11:29:58.982 INFO [localhost-startStop-1] org.apache.catalina.startup.HostConfig.deployDirectory Deploying web application directory F:\apache-tomcat-8.0.20\webapps\input_check_war_exploded
02-Mar-2020 11:29:59.129 WARNING [localhost-startStop-1] org.apache.tomcat.util.descriptor.web.WebXml.setVersion Unknown version string [4.0]. Default version will be used.
02-Mar-2020 11:30:01.820 INFO [localhost-startStop-1] org.apache.catalina.startup.HostConfig.deployDirectory Deployment of web application directory F:\apache-tomcat-8.0.20\webapps\input_check_war_exploded has finished in 2,838 ms
02-Mar-2020 11:30:01.820 INFO [localhost-startStop-1] org.apache.catalina.startup.HostConfig.deployDirectory Deploying web application directory F:\apache-tomcat-8.0.20\webapps\manager
02-Mar-2020 11:30:02.132 INFO [localhost-startStop-1] org.apache.jasper.servlet.TldScanner.scanJars At least one JAR was scanned for TLDs yet contained no TLDs. Enable debug logging for this logger for a complete list of JARs that were scanned but no TLDs were found in them. Skipping unneeded JARs during scanning can improve startup time and JSP compilation time.
02-Mar-2020 11:30:02.148 INFO [localhost-startStop-1] org.apache.catalina.startup.HostConfig.deployDirectory Deployment of web application directory F:\apache-tomcat-8.0.20\webapps\manager has finished in 328 ms
02-Mar-2020 11:30:02.148 INFO [localhost-startStop-1] org.apache.catalina.startup.HostConfig.deployDirectory Deploying web application directory F:\apache-tomcat-8.0.20\webapps\ROOT
02-Mar-2020 11:30:02.429 INFO [localhost-startStop-1] org.apache.jasper.servlet.TldScanner.scanJars At least one JAR was scanned for TLDs yet contained no TLDs. Enable debug logging for this logger for a complete list of JARs that were scanned but no TLDs were found in them. Skipping unneeded JARs during scanning can improve startup time and JSP compilation time.
02-Mar-2020 11:30:02.429 INFO [localhost-startStop-1] org.apache.catalina.startup.HostConfig.deployDirectory Deployment of web application directory F:\apache-tomcat-8.0.20\webapps\ROOT has finished in 281 ms
02-Mar-2020 11:30:02.429 INFO [main] org.apache.coyote.AbstractProtocol.start Starting ProtocolHandler ["http-nio-8080"]
02-Mar-2020 11:30:02.460 INFO [main] org.apache.coyote.AbstractProtocol.start Starting ProtocolHandler ["ajp-nio-8009"]
02-Mar-2020 11:30:02.476 INFO [main] org.apache.catalina.startup.Catalina.start Server startup in 6742 ms
02-Mar-2020 20:53:22.466 INFO [main] org.apache.catalina.startup.VersionLoggerListener.log Server version:        Apache Tomcat/8.0.20
02-Mar-2020 20:53:22.466 INFO [main] org.apache.catalina.startup.VersionLoggerListener.log Server built:          Feb 15 2015 18:10:42 UTC
02-Mar-2020 20:53:22.466 INFO [main] org.apache.catalina.startup.VersionLoggerListener.log Server number:         8.0.20.0
02-Mar-2020 20:53:22.466 INFO [main] org.apache.catalina.startup.VersionLoggerListener.log OS Name:               Windows 10
02-Mar-2020 20:53:22.466 INFO [main] org.apache.catalina.startup.VersionLoggerListener.log OS Version:            10.0
02-Mar-2020 20:53:22.466 INFO [main] org.apache.catalina.startup.VersionLoggerListener.log Architecture:          amd64
02-Mar-2020 20:53:22.466 INFO [main] org.apache.catalina.startup.VersionLoggerListener.log Java Home:             C:\Program Files\Java\jdk1.8.0_201\jre
02-Mar-2020 20:53:22.466 INFO [main] org.apache.catalina.startup.VersionLoggerListener.log JVM Version:           1.8.0_201-b09
02-Mar-2020 20:53:22.466 INFO [main] org.apache.catalina.startup.VersionLoggerListener.log JVM Vendor:            Oracle Corporation
02-Mar-2020 20:53:22.466 INFO [main] org.apache.catalina.startup.VersionLoggerListener.log CATALINA_BASE:         F:\apache-tomcat-8.0.20
02-Mar-2020 20:53:22.466 INFO [main] org.apache.catalina.startup.VersionLoggerListener.log CATALINA_HOME:         F:\apache-tomcat-8.0.20
02-Mar-2020 20:53:22.481 INFO [main] org.apache.catalina.startup.VersionLoggerListener.log Command line argument: -Djava.util.logging.config.file=F:\apache-tomcat-8.0.20\conf\logging.properties
02-Mar-2020 20:53:22.481 INFO [main] org.apache.catalina.startup.VersionLoggerListener.log Command line argument: -Djava.util.logging.manager=org.apache.juli.ClassLoaderLogManager
02-Mar-2020 20:53:22.481 INFO [main] org.apache.catalina.startup.VersionLoggerListener.log Command line argument: -Djava.endorsed.dirs=F:\apache-tomcat-8.0.20\endorsed
02-Mar-2020 20:53:22.481 INFO [main] org.apache.catalina.startup.VersionLoggerListener.log Command line argument: -Dcatalina.base=F:\apache-tomcat-8.0.20
02-Mar-2020 20:53:22.481 INFO [main] org.apache.catalina.startup.VersionLoggerListener.log Command line argument: -Dcatalina.home=F:\apache-tomcat-8.0.20
02-Mar-2020 20:53:22.481 INFO [main] org.apache.catalina.startup.VersionLoggerListener.log Command line argument: -Djava.io.tmpdir=F:\apache-tomcat-8.0.20\temp
02-Mar-2020 20:53:22.481 INFO [main] org.apache.catalina.core.AprLifecycleListener.lifecycleEvent The APR based Apache Tomcat Native library which allows optimal performance in production environments was not found on the java.library.path: C:\Program Files\Java\jdk1.8.0_201\bin;C:\WINDOWS\Sun\Java\bin;C:\WINDOWS\system32;C:\WINDOWS;C:\Program Files (x86)\NetSarang\Xftp 6\;C:\Program Files (x86)\NetSarang\Xshell 6\;C:\Program Files (x86)\NVIDIA Corporation\PhysX\Common;F:\OracleDB\product\11.2.0\dbhome_1\bin;E:\app\ASUS\product\11.2.0\dbhome_1\bin;C:\Program Files (x86)\Common Files\Oracle\Java\javapath;C:\Program Files (x86)\Intel\iCLS Client\;C:\Program Files\Intel\iCLS Client\;C:\Windows\system32;C:\Windows;C:\Windows\System32\Wbem;C:\Windows\System32\WindowsPowerShell\v1.0\;C:\Program Files (x86)\Intel\Intel(R) Management Engine Components\DAL;C:\Program Files\Intel\Intel(R) Management Engine Components\DAL;C:\Program Files (x86)\Intel\Intel(R) Management Engine Components\IPT;C:\Program Files\Intel\Intel(R) Management Engine Components\IPT;C:\WINDOWS\system32;C:\WINDOWS;C:\WINDOWS\System32\Wbem;C:\WINDOWS\System32\WindowsPowerShell\v1.0\;C:\WINDOWS\System32\OpenSSH\;C:\Program Files\Java\jdk1.8.0_201;C:\Program Files\Java\jdk1.8.0_201\bin;C:\Program Files\NVIDIA Corporation\NVIDIA NvDLISR;C:\Users\ASUS\AppData\Local\Microsoft\WindowsApps;;.
02-Mar-2020 20:53:23.168 INFO [main] org.apache.coyote.AbstractProtocol.init Initializing ProtocolHandler ["http-nio-8080"]
02-Mar-2020 20:53:23.569 INFO [main] org.apache.tomcat.util.net.NioSelectorPool.getSharedSelector Using a shared selector for servlet write/read
02-Mar-2020 20:53:23.569 INFO [main] org.apache.coyote.AbstractProtocol.init Initializing ProtocolHandler ["ajp-nio-8009"]
02-Mar-2020 20:53:23.569 INFO [main] org.apache.tomcat.util.net.NioSelectorPool.getSharedSelector Using a shared selector for servlet write/read
02-Mar-2020 20:53:23.569 INFO [main] org.apache.catalina.startup.Catalina.load Initialization processed in 1905 ms
02-Mar-2020 20:53:23.685 INFO [main] org.apache.catalina.core.StandardService.startInternal Starting service Catalina
02-Mar-2020 20:53:23.685 INFO [main] org.apache.catalina.core.StandardEngine.startInternal Starting Servlet Engine: Apache Tomcat/8.0.20
02-Mar-2020 20:53:23.716 INFO [localhost-startStop-1] org.apache.catalina.startup.HostConfig.deployDirectory Deploying web application directory F:\apache-tomcat-8.0.20\webapps\docs
02-Mar-2020 20:53:24.904 INFO [localhost-startStop-1] org.apache.jasper.servlet.TldScanner.scanJars At least one JAR was scanned for TLDs yet contained no TLDs. Enable debug logging for this logger for a complete list of JARs that were scanned but no TLDs were found in them. Skipping unneeded JARs during scanning can improve startup time and JSP compilation time.
02-Mar-2020 20:53:25.142 INFO [localhost-startStop-1] org.apache.catalina.startup.HostConfig.deployDirectory Deployment of web application directory F:\apache-tomcat-8.0.20\webapps\docs has finished in 1,426 ms
02-Mar-2020 20:53:25.142 INFO [localhost-startStop-1] org.apache.catalina.startup.HostConfig.deployDirectory Deploying web application directory F:\apache-tomcat-8.0.20\webapps\examples
02-Mar-2020 20:53:26.647 INFO [localhost-startStop-1] org.apache.catalina.startup.HostConfig.deployDirectory Deployment of web application directory F:\apache-tomcat-8.0.20\webapps\examples has finished in 1,505 ms
02-Mar-2020 20:53:26.647 INFO [localhost-startStop-1] org.apache.catalina.startup.HostConfig.deployDirectory Deploying web application directory F:\apache-tomcat-8.0.20\webapps\host-manager
02-Mar-2020 20:53:26.950 INFO [localhost-startStop-1] org.apache.jasper.servlet.TldScanner.scanJars At least one JAR was scanned for TLDs yet contained no TLDs. Enable debug logging for this logger for a complete list of JARs that were scanned but no TLDs were found in them. Skipping unneeded JARs during scanning can improve startup time and JSP compilation time.
02-Mar-2020 20:53:26.950 INFO [localhost-startStop-1] org.apache.catalina.startup.HostConfig.deployDirectory Deployment of web application directory F:\apache-tomcat-8.0.20\webapps\host-manager has finished in 303 ms
02-Mar-2020 20:53:26.950 INFO [localhost-startStop-1] org.apache.catalina.startup.HostConfig.deployDirectory Deploying web application directory F:\apache-tomcat-8.0.20\webapps\input_check_war_exploded
02-Mar-2020 20:53:27.153 WARNING [localhost-startStop-1] org.apache.tomcat.util.descriptor.web.WebXml.setVersion Unknown version string [4.0]. Default version will be used.
02-Mar-2020 20:53:29.184 INFO [localhost-startStop-1] org.apache.catalina.startup.HostConfig.deployDirectory Deployment of web application directory F:\apache-tomcat-8.0.20\webapps\input_check_war_exploded has finished in 2,234 ms
02-Mar-2020 20:53:29.199 INFO [localhost-startStop-1] org.apache.catalina.startup.HostConfig.deployDirectory Deploying web application directory F:\apache-tomcat-8.0.20\webapps\manager
02-Mar-2020 20:53:29.559 INFO [localhost-startStop-1] org.apache.jasper.servlet.TldScanner.scanJars At least one JAR was scanned for TLDs yet contained no TLDs. Enable debug logging for this logger for a complete list of JARs that were scanned but no TLDs were found in them. Skipping unneeded JARs during scanning can improve startup time and JSP compilation time.
02-Mar-2020 20:53:29.559 INFO [localhost-startStop-1] org.apache.catalina.startup.HostConfig.deployDirectory Deployment of web application directory F:\apache-tomcat-8.0.20\webapps\manager has finished in 360 ms
02-Mar-2020 20:53:29.559 INFO [localhost-startStop-1] org.apache.catalina.startup.HostConfig.deployDirectory Deploying web application directory F:\apache-tomcat-8.0.20\webapps\ROOT
02-Mar-2020 20:53:29.824 INFO [localhost-startStop-1] org.apache.jasper.servlet.TldScanner.scanJars At least one JAR was scanned for TLDs yet contained no TLDs. Enable debug logging for this logger for a complete list of JARs that were scanned but no TLDs were found in them. Skipping unneeded JARs during scanning can improve startup time and JSP compilation time.
02-Mar-2020 20:53:29.824 INFO [localhost-startStop-1] org.apache.catalina.startup.HostConfig.deployDirectory Deployment of web application directory F:\apache-tomcat-8.0.20\webapps\ROOT has finished in 265 ms
02-Mar-2020 20:53:29.840 INFO [main] org.apache.coyote.AbstractProtocol.start Starting ProtocolHandler ["http-nio-8080"]
02-Mar-2020 20:53:29.840 INFO [main] org.apache.coyote.AbstractProtocol.start Starting ProtocolHandler ["ajp-nio-8009"]
02-Mar-2020 20:53:29.856 INFO [main] org.apache.catalina.startup.Catalina.start Server startup in 6279 ms
